Using pre-set license
Built from '2021.1/staging' branch; Version is '2021.1.2f1 (e5d502d80fbb) revision 15062274'; Using compiler version '192528614'; Build Type 'Release'
OS: 'Windows 10 Pro; OS build 19043.1110; Version 2009; 64bit' Language: 'es' Physical Memory: 32712 MB
BatchMode: 1, IsHumanControllingUs: 0, StartBugReporterOnCrash: 0, Is64bit: 1, IsPro: 0

 COMMAND LINE ARGUMENTS:
C:\Program Files\Unity\Hub\Editor\2021.1.2f1\Editor\Unity.exe
-adb2
-batchMode
-noUpm
-name
AssetImportWorker0
-projectPath
D:/UnityProjects/DodgeCannon
-logFile
Logs/AssetImportWorker0.log
-srvPort
58519
Successfully changed project path to: D:/UnityProjects/DodgeCannon
D:/UnityProjects/DodgeCannon
Using Asset Import Pipeline V2.
Refreshing native plugins compatible for Editor in 71.93 ms, found 1 plugins.
Preloading 0 native plugins for Editor in 0.00 ms.
Initialize engine version: 2021.1.2f1 (e5d502d80fbb)
[Subsystems] Discovering subsystems at path C:/Program Files/Unity/Hub/Editor/2021.1.2f1/Editor/Data/Resources/UnitySubsystems
[Subsystems] Discovering subsystems at path D:/UnityProjects/DodgeCannon/Assets
GfxDevice: creating device client; threaded=0; jobified=0
Direct3D:
    Version:  Direct3D 11.0 [level 11.1]
    Renderer: NVIDIA GeForce RTX 2060 (ID=0x1f08)
    Vendor:   NVIDIA
    VRAM:     5980 MB
    Driver:   27.21.14.6647
Initialize mono
Mono path[0] = 'C:/Program Files/Unity/Hub/Editor/2021.1.2f1/Editor/Data/Managed'
Mono path[1] = 'C:/Program Files/Unity/Hub/Editor/2021.1.2f1/Editor/Data/MonoBleedingEdge/lib/mono/unityjit'
Mono config path = 'C:/Program Files/Unity/Hub/Editor/2021.1.2f1/Editor/Data/MonoBleedingEdge/etc'
Using monoOptions --debugger-agent=transport=dt_socket,embedding=1,server=y,suspend=n,address=127.0.0.1:56980
Begin MonoManager ReloadAssembly
Registering precompiled unity dll's ...
Register platform support module: C:/Program Files/Unity/Hub/Editor/2021.1.2f1/Editor/Data/PlaybackEngines/WebGLSupport/UnityEditor.WebGL.Extensions.dll
Register platform support module: C:/Program Files/Unity/Hub/Editor/2021.1.2f1/Editor/Data/PlaybackEngines/WindowsStandaloneSupport/UnityEditor.WindowsStandalone.Extensions.dll
Registered in 0.002692 seconds.
Native extension for WindowsStandalone target not found
Native extension for WebGL target not found
Refreshing native plugins compatible for Editor in 73.67 ms, found 1 plugins.
Preloading 0 native plugins for Editor in 0.00 ms.
Mono: successfully reloaded assembly
- Completed reload, in  1.934 seconds
Platform modules already initialized, skipping
Registering precompiled user dll's ...
Registered in 0.002203 seconds.
Begin MonoManager ReloadAssembly
Native extension for WindowsStandalone target not found
Native extension for WebGL target not found
Refreshing native plugins compatible for Editor in 0.46 ms, found 1 plugins.
Preloading 0 native plugins for Editor in 0.00 ms.
Mono: successfully reloaded assembly
- Completed reload, in  0.945 seconds
Platform modules already initialized, skipping
========================================================================
Worker process is ready to serve import requests
Launched and connected shader compiler UnityShaderCompiler.exe after 0.07 seconds
Refreshing native plugins compatible for Editor in 0.46 ms, found 1 plugins.
Preloading 0 native plugins for Editor in 0.00 ms.
Unloading 2679 Unused Serialized files (Serialized files now loaded: 0)
System memory in use before: 111.7 MB.
System memory in use after: 111.9 MB.

Unloading 15 unused Assets to reduce memory usage. Loaded Objects now: 3149.
Total: 1.964200 ms (FindLiveObjects: 0.228300 ms CreateObjectMapping: 0.068600 ms MarkObjects: 1.586100 ms  DeleteObjects: 0.080500 ms)

========================================================================
Received Import Request.
  path: Assets/Animations/Remy/RemyAnimatorController.controller
  artifactKey: Guid(4e0f446720669ef4e93aaca0dac6bf8e) Importer(815301076,1909f56bfc062723c751e8b465ee728b)
Start importing Assets/Animations/Remy/RemyAnimatorController.controller using Guid(4e0f446720669ef4e93aaca0dac6bf8e) Importer(815301076,1909f56bfc062723c751e8b465ee728b)  -> (artifact id: '96867aaa85aba8f404e1f4464f95a3bf') in 0.045583 seconds 
========================================================================
Received Import Request.
  Time since last request: 3.100513 seconds.
  path: Assets/Scripts/GameManager.cs
  artifactKey: Guid(dcfa1da3b326d1e4f85899a5649707ec) Importer(815301076,1909f56bfc062723c751e8b465ee728b)
Start importing Assets/Scripts/GameManager.cs using Guid(dcfa1da3b326d1e4f85899a5649707ec) Importer(815301076,1909f56bfc062723c751e8b465ee728b)  -> (artifact id: '8b832bc9e64e3a84535ac811128999f9') in 0.014398 seconds 
========================================================================
Received Prepare
Registering precompiled user dll's ...
Registered in 0.002252 seconds.
Begin MonoManager ReloadAssembly
Native extension for WindowsStandalone target not found
Native extension for WebGL target not found
Refreshing native plugins compatible for Editor in 0.60 ms, found 1 plugins.
Preloading 0 native plugins for Editor in 0.00 ms.
Mono: successfully reloaded assembly
- Completed reload, in  0.924 seconds
Platform modules already initialized, skipping
Refreshing native plugins compatible for Editor in 0.49 ms, found 1 plugins.
Preloading 0 native plugins for Editor in 0.00 ms.
Unloading 2674 Unused Serialized files (Serialized files now loaded: 0)
System memory in use before: 111.7 MB.
System memory in use after: 111.9 MB.

Unloading 10 unused Assets to reduce memory usage. Loaded Objects now: 3152.
Total: 1.963800 ms (FindLiveObjects: 0.276700 ms CreateObjectMapping: 0.084600 ms MarkObjects: 1.538800 ms  DeleteObjects: 0.062400 ms)

========================================================================
Received Prepare
Registering precompiled user dll's ...
Registered in 0.002252 seconds.
Begin MonoManager ReloadAssembly
Native extension for WindowsStandalone target not found
Native extension for WebGL target not found
Refreshing native plugins compatible for Editor in 0.51 ms, found 1 plugins.
Preloading 0 native plugins for Editor in 0.00 ms.
Mono: successfully reloaded assembly
- Completed reload, in  0.905 seconds
Platform modules already initialized, skipping
Refreshing native plugins compatible for Editor in 0.47 ms, found 1 plugins.
Preloading 0 native plugins for Editor in 0.00 ms.
Unloading 2674 Unused Serialized files (Serialized files now loaded: 0)
System memory in use before: 111.8 MB.
System memory in use after: 112.0 MB.

Unloading 10 unused Assets to reduce memory usage. Loaded Objects now: 3155.
Total: 2.186800 ms (FindLiveObjects: 0.257000 ms CreateObjectMapping: 0.064900 ms MarkObjects: 1.801300 ms  DeleteObjects: 0.062000 ms)

========================================================================
Received Prepare
Registering precompiled user dll's ...
Registered in 0.002639 seconds.
Begin MonoManager ReloadAssembly
Native extension for WindowsStandalone target not found
Native extension for WebGL target not found
Refreshing native plugins compatible for Editor in 0.55 ms, found 1 plugins.
Preloading 0 native plugins for Editor in 0.00 ms.
Mono: successfully reloaded assembly
- Completed reload, in  0.955 seconds
Platform modules already initialized, skipping
Refreshing native plugins compatible for Editor in 0.62 ms, found 1 plugins.
Preloading 0 native plugins for Editor in 0.00 ms.
Unloading 2674 Unused Serialized files (Serialized files now loaded: 0)
System memory in use before: 111.8 MB.
System memory in use after: 112.0 MB.

Unloading 10 unused Assets to reduce memory usage. Loaded Objects now: 3158.
Total: 2.152700 ms (FindLiveObjects: 0.299000 ms CreateObjectMapping: 0.069100 ms MarkObjects: 1.721800 ms  DeleteObjects: 0.061700 ms)

========================================================================
Received Prepare
Registering precompiled user dll's ...
Registered in 0.002184 seconds.
Begin MonoManager ReloadAssembly
Native extension for WindowsStandalone target not found
Native extension for WebGL target not found
Refreshing native plugins compatible for Editor in 0.48 ms, found 1 plugins.
Preloading 0 native plugins for Editor in 0.00 ms.
Mono: successfully reloaded assembly
- Completed reload, in  0.900 seconds
Platform modules already initialized, skipping
Refreshing native plugins compatible for Editor in 0.47 ms, found 1 plugins.
Preloading 0 native plugins for Editor in 0.00 ms.
Unloading 2674 Unused Serialized files (Serialized files now loaded: 0)
System memory in use before: 111.8 MB.
System memory in use after: 112.0 MB.

Unloading 10 unused Assets to reduce memory usage. Loaded Objects now: 3161.
Total: 3.070300 ms (FindLiveObjects: 0.377300 ms CreateObjectMapping: 0.155700 ms MarkObjects: 2.465000 ms  DeleteObjects: 0.071300 ms)

========================================================================
Received Prepare
Registering precompiled user dll's ...
Registered in 0.002213 seconds.
Begin MonoManager ReloadAssembly
Native extension for WindowsStandalone target not found
Native extension for WebGL target not found
Refreshing native plugins compatible for Editor in 0.47 ms, found 1 plugins.
Preloading 0 native plugins for Editor in 0.00 ms.
Mono: successfully reloaded assembly
- Completed reload, in  0.890 seconds
Platform modules already initialized, skipping
Refreshing native plugins compatible for Editor in 0.47 ms, found 1 plugins.
Preloading 0 native plugins for Editor in 0.00 ms.
Unloading 2674 Unused Serialized files (Serialized files now loaded: 0)
System memory in use before: 111.8 MB.
System memory in use after: 112.0 MB.

Unloading 10 unused Assets to reduce memory usage. Loaded Objects now: 3164.
Total: 1.853300 ms (FindLiveObjects: 0.221600 ms CreateObjectMapping: 0.064700 ms MarkObjects: 1.508200 ms  DeleteObjects: 0.057900 ms)

========================================================================
Received Prepare
Registering precompiled user dll's ...
Registered in 0.002295 seconds.
Begin MonoManager ReloadAssembly
Native extension for WindowsStandalone target not found
Native extension for WebGL target not found
Refreshing native plugins compatible for Editor in 0.48 ms, found 1 plugins.
Preloading 0 native plugins for Editor in 0.00 ms.
Mono: successfully reloaded assembly
- Completed reload, in  0.919 seconds
Platform modules already initialized, skipping
Refreshing native plugins compatible for Editor in 0.47 ms, found 1 plugins.
Preloading 0 native plugins for Editor in 0.00 ms.
Unloading 2674 Unused Serialized files (Serialized files now loaded: 0)
System memory in use before: 111.9 MB.
System memory in use after: 112.1 MB.

Unloading 10 unused Assets to reduce memory usage. Loaded Objects now: 3167.
Total: 1.959300 ms (FindLiveObjects: 0.264100 ms CreateObjectMapping: 0.066600 ms MarkObjects: 1.567300 ms  DeleteObjects: 0.060300 ms)

========================================================================
Received Import Request.
  Time since last request: 7759.027981 seconds.
  path: Assets/Scenes/SinglePlayer.unity
  artifactKey: Guid(9fc0d4010bbf28b4594072e72b8655ab) Importer(815301076,1909f56bfc062723c751e8b465ee728b)
Start importing Assets/Scenes/SinglePlayer.unity using Guid(9fc0d4010bbf28b4594072e72b8655ab) Importer(815301076,1909f56bfc062723c751e8b465ee728b)  -> (artifact id: 'dd47ba44d0d22ab340d7ae68a1ecc0b6') in 0.019080 seconds 
========================================================================
Received Prepare
Registering precompiled user dll's ...
Registered in 0.002458 seconds.
Begin MonoManager ReloadAssembly
Native extension for WindowsStandalone target not found
Native extension for WebGL target not found
Refreshing native plugins compatible for Editor in 0.48 ms, found 1 plugins.
Preloading 0 native plugins for Editor in 0.00 ms.
Mono: successfully reloaded assembly
- Completed reload, in  0.917 seconds
Platform modules already initialized, skipping
Refreshing native plugins compatible for Editor in 0.47 ms, found 1 plugins.
Preloading 0 native plugins for Editor in 0.00 ms.
Unloading 2674 Unused Serialized files (Serialized files now loaded: 0)
System memory in use before: 111.9 MB.
System memory in use after: 112.1 MB.

Unloading 10 unused Assets to reduce memory usage. Loaded Objects now: 3170.
Total: 2.138700 ms (FindLiveObjects: 0.288900 ms CreateObjectMapping: 0.087200 ms MarkObjects: 1.697500 ms  DeleteObjects: 0.064200 ms)

========================================================================
Received Import Request.
  Time since last request: 835.074133 seconds.
  path: Assets/OldePropsPack1/Reflection/SimpleReflection1.png
  artifactKey: Guid(b1d0b5bf9e7e45548851c89d54993fb6) Importer(815301076,1909f56bfc062723c751e8b465ee728b)
Start importing Assets/OldePropsPack1/Reflection/SimpleReflection1.png using Guid(b1d0b5bf9e7e45548851c89d54993fb6) Importer(815301076,1909f56bfc062723c751e8b465ee728b)  -> (artifact id: '30cede1f6ad19517a8f87d6a5ac5e140') in 0.164043 seconds 
========================================================================
Received Import Request.
  Time since last request: 0.000178 seconds.
  path: Assets/OldePropsPack1/Reflection/SimpleReflection2.png
  artifactKey: Guid(9942cee475032b54ba0cd05493484754) Importer(815301076,1909f56bfc062723c751e8b465ee728b)
Start importing Assets/OldePropsPack1/Reflection/SimpleReflection2.png using Guid(9942cee475032b54ba0cd05493484754) Importer(815301076,1909f56bfc062723c751e8b465ee728b)  -> (artifact id: '8508e877fb61712764c754c1462aa7b5') in 0.043609 seconds 
========================================================================
Received Import Request.
  Time since last request: 12.643918 seconds.
  path: Assets/Prefabs/remy.prefab
  artifactKey: Guid(d3b15d47464aa1947860c1b49a3e25ef) Importer(815301076,1909f56bfc062723c751e8b465ee728b)
Start importing Assets/Prefabs/remy.prefab using Guid(d3b15d47464aa1947860c1b49a3e25ef) Importer(815301076,1909f56bfc062723c751e8b465ee728b)  -> (artifact id: 'cf23a8ed68668cd7bcbdbef337d83b6d') in 0.121284 seconds 
========================================================================
Received Import Request.
  Time since last request: 375.897015 seconds.
  path: Assets/Prefabs/james.prefab
  artifactKey: Guid(34caff959d491fd45a4020b1eca62feb) Importer(815301076,1909f56bfc062723c751e8b465ee728b)
Start importing Assets/Prefabs/james.prefab using Guid(34caff959d491fd45a4020b1eca62feb) Importer(815301076,1909f56bfc062723c751e8b465ee728b)  -> (artifact id: '51aed78e54f228df181cd3ff8bf68f4e') in 0.066383 seconds 
========================================================================
Received Prepare
Registering precompiled user dll's ...
Registered in 0.002186 seconds.
Begin MonoManager ReloadAssembly
Native extension for WindowsStandalone target not found
Native extension for WebGL target not found
Refreshing native plugins compatible for Editor in 0.49 ms, found 1 plugins.
Preloading 0 native plugins for Editor in 0.00 ms.
Mono: successfully reloaded assembly
- Completed reload, in  0.909 seconds
Platform modules already initialized, skipping
Refreshing native plugins compatible for Editor in 0.50 ms, found 1 plugins.
Preloading 0 native plugins for Editor in 0.00 ms.
Unloading 2676 Unused Serialized files (Serialized files now loaded: 0)
System memory in use before: 130.8 MB.
System memory in use after: 131.0 MB.

Unloading 10 unused Assets to reduce memory usage. Loaded Objects now: 3236.
Total: 2.053300 ms (FindLiveObjects: 0.286300 ms CreateObjectMapping: 0.083500 ms MarkObjects: 1.620000 ms  DeleteObjects: 0.062300 ms)

========================================================================
Received Prepare
Registering precompiled user dll's ...
Registered in 0.002469 seconds.
Begin MonoManager ReloadAssembly
Native extension for WindowsStandalone target not found
Native extension for WebGL target not found
Refreshing native plugins compatible for Editor in 0.47 ms, found 1 plugins.
Preloading 0 native plugins for Editor in 0.00 ms.
Mono: successfully reloaded assembly
- Completed reload, in  0.878 seconds
Platform modules already initialized, skipping
Refreshing native plugins compatible for Editor in 0.52 ms, found 1 plugins.
Preloading 0 native plugins for Editor in 0.00 ms.
Unloading 2674 Unused Serialized files (Serialized files now loaded: 0)
System memory in use before: 130.7 MB.
System memory in use after: 130.9 MB.

Unloading 10 unused Assets to reduce memory usage. Loaded Objects now: 3239.
Total: 2.102100 ms (FindLiveObjects: 0.234300 ms CreateObjectMapping: 0.065600 ms MarkObjects: 1.732100 ms  DeleteObjects: 0.068800 ms)

========================================================================
Received Prepare
Registering precompiled user dll's ...
Registered in 0.002240 seconds.
Begin MonoManager ReloadAssembly
Native extension for WindowsStandalone target not found
Native extension for WebGL target not found
Refreshing native plugins compatible for Editor in 0.50 ms, found 1 plugins.
Preloading 0 native plugins for Editor in 0.00 ms.
Mono: successfully reloaded assembly
- Completed reload, in  0.888 seconds
Platform modules already initialized, skipping
Refreshing native plugins compatible for Editor in 0.49 ms, found 1 plugins.
Preloading 0 native plugins for Editor in 0.00 ms.
Unloading 2674 Unused Serialized files (Serialized files now loaded: 0)
System memory in use before: 130.7 MB.
System memory in use after: 130.9 MB.

Unloading 10 unused Assets to reduce memory usage. Loaded Objects now: 3242.
Total: 1.886500 ms (FindLiveObjects: 0.225500 ms CreateObjectMapping: 0.065900 ms MarkObjects: 1.535900 ms  DeleteObjects: 0.058500 ms)

========================================================================
Received Prepare
Registering precompiled user dll's ...
Registered in 0.002222 seconds.
Begin MonoManager ReloadAssembly
Native extension for WindowsStandalone target not found
Native extension for WebGL target not found
Refreshing native plugins compatible for Editor in 0.47 ms, found 1 plugins.
Preloading 0 native plugins for Editor in 0.00 ms.
Mono: successfully reloaded assembly
- Completed reload, in  0.907 seconds
Platform modules already initialized, skipping
Refreshing native plugins compatible for Editor in 0.47 ms, found 1 plugins.
Preloading 0 native plugins for Editor in 0.00 ms.
Unloading 2674 Unused Serialized files (Serialized files now loaded: 0)
System memory in use before: 130.7 MB.
System memory in use after: 130.9 MB.

Unloading 10 unused Assets to reduce memory usage. Loaded Objects now: 3245.
Total: 2.176700 ms (FindLiveObjects: 0.246100 ms CreateObjectMapping: 0.065600 ms MarkObjects: 1.796500 ms  DeleteObjects: 0.067500 ms)

========================================================================
Received Prepare
Registering precompiled user dll's ...
Registered in 0.002234 seconds.
Begin MonoManager ReloadAssembly
Native extension for WindowsStandalone target not found
Native extension for WebGL target not found
Refreshing native plugins compatible for Editor in 0.63 ms, found 1 plugins.
Preloading 0 native plugins for Editor in 0.00 ms.
Mono: successfully reloaded assembly
- Completed reload, in  0.929 seconds
Platform modules already initialized, skipping
Refreshing native plugins compatible for Editor in 0.48 ms, found 1 plugins.
Preloading 0 native plugins for Editor in 0.00 ms.
Unloading 2674 Unused Serialized files (Serialized files now loaded: 0)
System memory in use before: 130.7 MB.
System memory in use after: 130.9 MB.

Unloading 10 unused Assets to reduce memory usage. Loaded Objects now: 3248.
Total: 2.197100 ms (FindLiveObjects: 0.306200 ms CreateObjectMapping: 0.095500 ms MarkObjects: 1.730600 ms  DeleteObjects: 0.063700 ms)

========================================================================
Received Prepare
Registering precompiled user dll's ...
Registered in 0.002296 seconds.
Begin MonoManager ReloadAssembly
Native extension for WindowsStandalone target not found
Native extension for WebGL target not found
Refreshing native plugins compatible for Editor in 0.52 ms, found 1 plugins.
Preloading 0 native plugins for Editor in 0.00 ms.
Mono: successfully reloaded assembly
- Completed reload, in  0.916 seconds
Platform modules already initialized, skipping
Refreshing native plugins compatible for Editor in 0.47 ms, found 1 plugins.
Preloading 0 native plugins for Editor in 0.00 ms.
Unloading 2674 Unused Serialized files (Serialized files now loaded: 0)
System memory in use before: 130.7 MB.
System memory in use after: 130.9 MB.

Unloading 10 unused Assets to reduce memory usage. Loaded Objects now: 3251.
Total: 2.072500 ms (FindLiveObjects: 0.243900 ms CreateObjectMapping: 0.066000 ms MarkObjects: 1.698100 ms  DeleteObjects: 0.063500 ms)

========================================================================
Received Prepare
Registering precompiled user dll's ...
Registered in 0.002207 seconds.
Begin MonoManager ReloadAssembly
Native extension for WindowsStandalone target not found
Native extension for WebGL target not found
Refreshing native plugins compatible for Editor in 0.49 ms, found 1 plugins.
Preloading 0 native plugins for Editor in 0.00 ms.
Mono: successfully reloaded assembly
- Completed reload, in  0.893 seconds
Platform modules already initialized, skipping
Refreshing native plugins compatible for Editor in 0.50 ms, found 1 plugins.
Preloading 0 native plugins for Editor in 0.00 ms.
Unloading 2674 Unused Serialized files (Serialized files now loaded: 0)
System memory in use before: 130.7 MB.
System memory in use after: 130.9 MB.

Unloading 10 unused Assets to reduce memory usage. Loaded Objects now: 3254.
Total: 2.071500 ms (FindLiveObjects: 0.245300 ms CreateObjectMapping: 0.068900 ms MarkObjects: 1.695500 ms  DeleteObjects: 0.060700 ms)

========================================================================
Received Import Request.
  Time since last request: 2491.843288 seconds.
  path: Assets/Animations/Remy/RemyAnimatorController.controller
  artifactKey: Guid(4e0f446720669ef4e93aaca0dac6bf8e) Importer(815301076,1909f56bfc062723c751e8b465ee728b)
Start importing Assets/Animations/Remy/RemyAnimatorController.controller using Guid(4e0f446720669ef4e93aaca0dac6bf8e) Importer(815301076,1909f56bfc062723c751e8b465ee728b)  -> (artifact id: '35f3c23c2fe56bfa01c006f5e9af138a') in 0.028389 seconds 
========================================================================
Received Import Request.
  Time since last request: 14.205112 seconds.
  path: Assets/Animations/Remy/RemyAnimatorController 1.controller
  artifactKey: Guid(f554d363329715c4694e281b8900ce9a) Importer(815301076,1909f56bfc062723c751e8b465ee728b)
Start importing Assets/Animations/Remy/RemyAnimatorController 1.controller using Guid(f554d363329715c4694e281b8900ce9a) Importer(815301076,1909f56bfc062723c751e8b465ee728b)  -> (artifact id: 'c1c9f36eb986382c486f8684a40ccbd8') in 0.016424 seconds 
========================================================================
Received Import Request.
  Time since last request: 18.728253 seconds.
  path: Assets/Animations/James/JamesAnimatorController 1.controller
  artifactKey: Guid(f554d363329715c4694e281b8900ce9a) Importer(815301076,1909f56bfc062723c751e8b465ee728b)
Start importing Assets/Animations/James/JamesAnimatorController 1.controller using Guid(f554d363329715c4694e281b8900ce9a) Importer(815301076,1909f56bfc062723c751e8b465ee728b)  -> (artifact id: '85a791ec55a940a1ff1055967a518aa0') in 0.015111 seconds 
========================================================================
Received Import Request.
  Time since last request: 131.537122 seconds.
  path: Assets/Models/James/Ch06_nonPBR@Punching.fbx
  artifactKey: Guid(098efd195a2895241be431fb02c480a9) Importer(815301076,1909f56bfc062723c751e8b465ee728b)
Start importing Assets/Models/James/Ch06_nonPBR@Punching.fbx using Guid(098efd195a2895241be431fb02c480a9) Importer(815301076,1909f56bfc062723c751e8b465ee728b)  -> (artifact id: '37a547317b3c5e883be2c5cdbb6eb239') in 0.153038 seconds 
========================================================================
Received Import Request.
  Time since last request: 8.089919 seconds.
  path: Assets/Models/James/Ch06_nonPBR@Punching.fbx
  artifactKey: Guid(098efd195a2895241be431fb02c480a9) Importer(815301076,1909f56bfc062723c751e8b465ee728b)
Start importing Assets/Models/James/Ch06_nonPBR@Punching.fbx using Guid(098efd195a2895241be431fb02c480a9) Importer(815301076,1909f56bfc062723c751e8b465ee728b)  -> (artifact id: '8655e3d9b0606adf8e0edb9a4f014c83') in 0.049631 seconds 
========================================================================
Received Import Request.
  Time since last request: 40.738800 seconds.
  path: Assets/Models/James/Ch06_nonPBR@Running.fbx
  artifactKey: Guid(1d6d7ef20bcb91e4b9b8a13344f16cf1) Importer(815301076,1909f56bfc062723c751e8b465ee728b)
Start importing Assets/Models/James/Ch06_nonPBR@Running.fbx using Guid(1d6d7ef20bcb91e4b9b8a13344f16cf1) Importer(815301076,1909f56bfc062723c751e8b465ee728b)  -> (artifact id: '28f4e9d9f448f83d27d4cbc831d4b40f') in 0.079263 seconds 
========================================================================
Received Import Request.
  Time since last request: 9.717963 seconds.
  path: Assets/Models/James/Ch06_nonPBR@Running.fbx
  artifactKey: Guid(1d6d7ef20bcb91e4b9b8a13344f16cf1) Importer(815301076,1909f56bfc062723c751e8b465ee728b)
Start importing Assets/Models/James/Ch06_nonPBR@Running.fbx using Guid(1d6d7ef20bcb91e4b9b8a13344f16cf1) Importer(815301076,1909f56bfc062723c751e8b465ee728b)  -> (artifact id: '61da42c345d3acd566a701f10294781f') in 0.037040 seconds 
========================================================================
Received Import Request.
  Time since last request: 102.405694 seconds.
  path: Assets/Models/James/Ch06_nonPBR@Idle.fbx
  artifactKey: Guid(2021944a88daa02478cb11c9631fe8c3) Importer(815301076,1909f56bfc062723c751e8b465ee728b)
Start importing Assets/Models/James/Ch06_nonPBR@Idle.fbx using Guid(2021944a88daa02478cb11c9631fe8c3) Importer(815301076,1909f56bfc062723c751e8b465ee728b)  -> (artifact id: '3830dc80be9c44e5e96f8ee8d4f4a314') in 0.057246 seconds 
========================================================================
Received Import Request.
  Time since last request: 9.620485 seconds.
  path: Assets/Models/James/Ch06_nonPBR@Idle.fbx
  artifactKey: Guid(2021944a88daa02478cb11c9631fe8c3) Importer(815301076,1909f56bfc062723c751e8b465ee728b)
Start importing Assets/Models/James/Ch06_nonPBR@Idle.fbx using Guid(2021944a88daa02478cb11c9631fe8c3) Importer(815301076,1909f56bfc062723c751e8b465ee728b)  -> (artifact id: '06c6b6b8505d96ea1f6bb4129474320d') in 0.035032 seconds 
========================================================================
Received Import Request.
  Time since last request: 70.642993 seconds.
  path: Assets/Models/James/Ch06_nonPBR@Idle.fbx
  artifactKey: Guid(2021944a88daa02478cb11c9631fe8c3) Importer(815301076,1909f56bfc062723c751e8b465ee728b)
Start importing Assets/Models/James/Ch06_nonPBR@Idle.fbx using Guid(2021944a88daa02478cb11c9631fe8c3) Importer(815301076,1909f56bfc062723c751e8b465ee728b)  -> (artifact id: '1a8fde60e6a2a0ee30ebe2594f090e50') in 0.044407 seconds 
========================================================================
Received Import Request.
  Time since last request: 4.854225 seconds.
  path: Assets/Models/James/Ch06_nonPBR@Running.fbx
  artifactKey: Guid(1d6d7ef20bcb91e4b9b8a13344f16cf1) Importer(815301076,1909f56bfc062723c751e8b465ee728b)
Start importing Assets/Models/James/Ch06_nonPBR@Running.fbx using Guid(1d6d7ef20bcb91e4b9b8a13344f16cf1) Importer(815301076,1909f56bfc062723c751e8b465ee728b)  -> (artifact id: '20cf5a91a5a195af79325f5730cc9214') in 0.036523 seconds 
========================================================================
Received Import Request.
  Time since last request: 3.549404 seconds.
  path: Assets/Models/James/Ch06_nonPBR@Dizzy Idle.fbx
  artifactKey: Guid(780e1684199eb5f4a9b91fcd501736b6) Importer(815301076,1909f56bfc062723c751e8b465ee728b)
Start importing Assets/Models/James/Ch06_nonPBR@Dizzy Idle.fbx using Guid(780e1684199eb5f4a9b91fcd501736b6) Importer(815301076,1909f56bfc062723c751e8b465ee728b)  -> (artifact id: 'b13a101f9bb0abd4cc298a2b9b3a339b') in 0.037654 seconds 
========================================================================
Received Prepare
Registering precompiled user dll's ...
Registered in 0.002228 seconds.
Begin MonoManager ReloadAssembly
Native extension for WindowsStandalone target not found
Native extension for WebGL target not found
Refreshing native plugins compatible for Editor in 0.53 ms, found 1 plugins.
Preloading 0 native plugins for Editor in 0.00 ms.
Mono: successfully reloaded assembly
- Completed reload, in  0.878 seconds
Platform modules already initialized, skipping
Refreshing native plugins compatible for Editor in 0.71 ms, found 1 plugins.
Preloading 0 native plugins for Editor in 0.00 ms.
Unloading 2674 Unused Serialized files (Serialized files now loaded: 0)
System memory in use before: 131.5 MB.
System memory in use after: 131.7 MB.

Unloading 10 unused Assets to reduce memory usage. Loaded Objects now: 3271.
Total: 2.058100 ms (FindLiveObjects: 0.239600 ms CreateObjectMapping: 0.064500 ms MarkObjects: 1.691300 ms  DeleteObjects: 0.061300 ms)

========================================================================
Received Prepare
Registering precompiled user dll's ...
Registered in 0.002356 seconds.
Begin MonoManager ReloadAssembly
Native extension for WindowsStandalone target not found
Native extension for WebGL target not found
Refreshing native plugins compatible for Editor in 0.51 ms, found 1 plugins.
Preloading 0 native plugins for Editor in 0.00 ms.
Mono: successfully reloaded assembly
- Completed reload, in  0.883 seconds
Platform modules already initialized, skipping
Refreshing native plugins compatible for Editor in 0.47 ms, found 1 plugins.
Preloading 0 native plugins for Editor in 0.00 ms.
Unloading 2674 Unused Serialized files (Serialized files now loaded: 0)
System memory in use before: 131.5 MB.
System memory in use after: 131.7 MB.

Unloading 10 unused Assets to reduce memory usage. Loaded Objects now: 3274.
Total: 2.901700 ms (FindLiveObjects: 0.422000 ms CreateObjectMapping: 0.148400 ms MarkObjects: 2.249900 ms  DeleteObjects: 0.079800 ms)

========================================================================
Received Import Request.
  Time since last request: 503.320567 seconds.
  path: Assets/Prefabs/james.prefab
  artifactKey: Guid(34caff959d491fd45a4020b1eca62feb) Importer(815301076,1909f56bfc062723c751e8b465ee728b)
Start importing Assets/Prefabs/james.prefab using Guid(34caff959d491fd45a4020b1eca62feb) Importer(815301076,1909f56bfc062723c751e8b465ee728b)  -> (artifact id: 'aae5db38fd483b1a9220aa94d213686f') in 0.103678 seconds 
========================================================================
Received Prepare
Registering precompiled user dll's ...
Registered in 0.002338 seconds.
Begin MonoManager ReloadAssembly
Native extension for WindowsStandalone target not found
Native extension for WebGL target not found
Refreshing native plugins compatible for Editor in 0.75 ms, found 1 plugins.
Preloading 0 native plugins for Editor in 0.00 ms.
Mono: successfully reloaded assembly
- Completed reload, in  1.167 seconds
Platform modules already initialized, skipping
Refreshing native plugins compatible for Editor in 1.13 ms, found 1 plugins.
Preloading 0 native plugins for Editor in 0.00 ms.
Unloading 2674 Unused Serialized files (Serialized files now loaded: 0)
System memory in use before: 131.5 MB.
System memory in use after: 131.7 MB.

Unloading 10 unused Assets to reduce memory usage. Loaded Objects now: 3278.
Total: 4.577000 ms (FindLiveObjects: 0.487700 ms CreateObjectMapping: 0.204700 ms MarkObjects: 3.788000 ms  DeleteObjects: 0.094900 ms)

========================================================================
Received Prepare
Registering precompiled user dll's ...
Registered in 0.002517 seconds.
Begin MonoManager ReloadAssembly
Native extension for WindowsStandalone target not found
Native extension for WebGL target not found
Refreshing native plugins compatible for Editor in 0.49 ms, found 1 plugins.
Preloading 0 native plugins for Editor in 0.00 ms.
Mono: successfully reloaded assembly
- Completed reload, in  0.893 seconds
Platform modules already initialized, skipping
Refreshing native plugins compatible for Editor in 0.47 ms, found 1 plugins.
Preloading 0 native plugins for Editor in 0.00 ms.
Unloading 2674 Unused Serialized files (Serialized files now loaded: 0)
System memory in use before: 131.5 MB.
System memory in use after: 131.7 MB.

Unloading 10 unused Assets to reduce memory usage. Loaded Objects now: 3281.
Total: 2.088800 ms (FindLiveObjects: 0.254100 ms CreateObjectMapping: 0.067400 ms MarkObjects: 1.705500 ms  DeleteObjects: 0.060800 ms)

========================================================================
Received Prepare
Registering precompiled user dll's ...
Registered in 0.002219 seconds.
Begin MonoManager ReloadAssembly
Native extension for WindowsStandalone target not found
Native extension for WebGL target not found
Refreshing native plugins compatible for Editor in 0.52 ms, found 1 plugins.
Preloading 0 native plugins for Editor in 0.00 ms.
Mono: successfully reloaded assembly
- Completed reload, in  0.960 seconds
Platform modules already initialized, skipping
Refreshing native plugins compatible for Editor in 0.48 ms, found 1 plugins.
Preloading 0 native plugins for Editor in 0.00 ms.
Unloading 2674 Unused Serialized files (Serialized files now loaded: 0)
System memory in use before: 131.5 MB.
System memory in use after: 131.7 MB.

Unloading 10 unused Assets to reduce memory usage. Loaded Objects now: 3284.
Total: 2.248900 ms (FindLiveObjects: 0.320900 ms CreateObjectMapping: 0.100900 ms MarkObjects: 1.761000 ms  DeleteObjects: 0.065200 ms)

========================================================================
Received Prepare
Registering precompiled user dll's ...
Registered in 0.002248 seconds.
Begin MonoManager ReloadAssembly
Native extension for WindowsStandalone target not found
Native extension for WebGL target not found
Refreshing native plugins compatible for Editor in 0.61 ms, found 1 plugins.
Preloading 0 native plugins for Editor in 0.00 ms.
Mono: successfully reloaded assembly
- Completed reload, in  0.935 seconds
Platform modules already initialized, skipping
Refreshing native plugins compatible for Editor in 0.49 ms, found 1 plugins.
Preloading 0 native plugins for Editor in 0.00 ms.
Unloading 2674 Unused Serialized files (Serialized files now loaded: 0)
System memory in use before: 131.5 MB.
System memory in use after: 131.7 MB.

Unloading 10 unused Assets to reduce memory usage. Loaded Objects now: 3287.
Total: 1.931300 ms (FindLiveObjects: 0.239200 ms CreateObjectMapping: 0.066300 ms MarkObjects: 1.565800 ms  DeleteObjects: 0.058900 ms)

========================================================================
Received Prepare
Registering precompiled user dll's ...
Registered in 0.002210 seconds.
Begin MonoManager ReloadAssembly
Native extension for WindowsStandalone target not found
Native extension for WebGL target not found
Refreshing native plugins compatible for Editor in 0.49 ms, found 1 plugins.
Preloading 0 native plugins for Editor in 0.00 ms.
Mono: successfully reloaded assembly
- Completed reload, in  0.936 seconds
Platform modules already initialized, skipping
Refreshing native plugins compatible for Editor in 0.49 ms, found 1 plugins.
Preloading 0 native plugins for Editor in 0.00 ms.
Unloading 2674 Unused Serialized files (Serialized files now loaded: 0)
System memory in use before: 131.6 MB.
System memory in use after: 131.8 MB.

Unloading 10 unused Assets to reduce memory usage. Loaded Objects now: 3290.
Total: 2.375300 ms (FindLiveObjects: 0.331100 ms CreateObjectMapping: 0.086900 ms MarkObjects: 1.892300 ms  DeleteObjects: 0.063300 ms)

========================================================================
Received Import Request.
  Time since last request: 635.869478 seconds.
  path: Assets/Animations/James/JamesAnimatorController 1.controller
  artifactKey: Guid(f554d363329715c4694e281b8900ce9a) Importer(815301076,1909f56bfc062723c751e8b465ee728b)
Start importing Assets/Animations/James/JamesAnimatorController 1.controller using Guid(f554d363329715c4694e281b8900ce9a) Importer(815301076,1909f56bfc062723c751e8b465ee728b)  -> (artifact id: 'd621816d3e2e2f0aad282adc1452e8b1') in 0.017842 seconds 
========================================================================
Received Prepare
Registering precompiled user dll's ...
Registered in 0.002720 seconds.
Begin MonoManager ReloadAssembly
Native extension for WindowsStandalone target not found
Native extension for WebGL target not found
Refreshing native plugins compatible for Editor in 0.52 ms, found 1 plugins.
Preloading 0 native plugins for Editor in 0.00 ms.
Mono: successfully reloaded assembly
- Completed reload, in  0.949 seconds
Platform modules already initialized, skipping
Refreshing native plugins compatible for Editor in 0.65 ms, found 1 plugins.
Preloading 0 native plugins for Editor in 0.00 ms.
Unloading 2674 Unused Serialized files (Serialized files now loaded: 0)
System memory in use before: 131.6 MB.
System memory in use after: 131.8 MB.

Unloading 10 unused Assets to reduce memory usage. Loaded Objects now: 3293.
Total: 1.901600 ms (FindLiveObjects: 0.242200 ms CreateObjectMapping: 0.062900 ms MarkObjects: 1.536300 ms  DeleteObjects: 0.059100 ms)

========================================================================
Received Prepare
Registering precompiled user dll's ...
Registered in 0.002235 seconds.
Begin MonoManager ReloadAssembly
Native extension for WindowsStandalone target not found
Native extension for WebGL target not found
Refreshing native plugins compatible for Editor in 0.53 ms, found 1 plugins.
Preloading 0 native plugins for Editor in 0.00 ms.
Mono: successfully reloaded assembly
- Completed reload, in  0.904 seconds
Platform modules already initialized, skipping
Refreshing native plugins compatible for Editor in 0.52 ms, found 1 plugins.
Preloading 0 native plugins for Editor in 0.00 ms.
Unloading 2674 Unused Serialized files (Serialized files now loaded: 0)
System memory in use before: 131.6 MB.
System memory in use after: 131.8 MB.

Unloading 10 unused Assets to reduce memory usage. Loaded Objects now: 3296.
Total: 2.169000 ms (FindLiveObjects: 0.305900 ms CreateObjectMapping: 0.084500 ms MarkObjects: 1.714300 ms  DeleteObjects: 0.063400 ms)

========================================================================
Received Prepare
Registering precompiled user dll's ...
Registered in 0.002319 seconds.
Begin MonoManager ReloadAssembly
Native extension for WindowsStandalone target not found
Native extension for WebGL target not found
Refreshing native plugins compatible for Editor in 0.48 ms, found 1 plugins.
Preloading 0 native plugins for Editor in 0.00 ms.
Mono: successfully reloaded assembly
- Completed reload, in  0.913 seconds
Platform modules already initialized, skipping
Refreshing native plugins compatible for Editor in 0.47 ms, found 1 plugins.
Preloading 0 native plugins for Editor in 0.00 ms.
Unloading 2674 Unused Serialized files (Serialized files now loaded: 0)
System memory in use before: 131.6 MB.
System memory in use after: 131.8 MB.

Unloading 10 unused Assets to reduce memory usage. Loaded Objects now: 3299.
Total: 2.113300 ms (FindLiveObjects: 0.275200 ms CreateObjectMapping: 0.067200 ms MarkObjects: 1.698900 ms  DeleteObjects: 0.070600 ms)

========================================================================
Received Prepare
Registering precompiled user dll's ...
Registered in 0.002758 seconds.
Begin MonoManager ReloadAssembly
Native extension for WindowsStandalone target not found
Native extension for WebGL target not found
Refreshing native plugins compatible for Editor in 0.53 ms, found 1 plugins.
Preloading 0 native plugins for Editor in 0.00 ms.
Mono: successfully reloaded assembly
- Completed reload, in  0.966 seconds
Platform modules already initialized, skipping
Refreshing native plugins compatible for Editor in 0.48 ms, found 1 plugins.
Preloading 0 native plugins for Editor in 0.00 ms.
Unloading 2674 Unused Serialized files (Serialized files now loaded: 0)
System memory in use before: 131.6 MB.
System memory in use after: 131.8 MB.

Unloading 10 unused Assets to reduce memory usage. Loaded Objects now: 3302.
Total: 2.553200 ms (FindLiveObjects: 0.446100 ms CreateObjectMapping: 0.150700 ms MarkObjects: 1.889100 ms  DeleteObjects: 0.066300 ms)

========================================================================
Received Prepare
Registering precompiled user dll's ...
Registered in 0.002259 seconds.
Begin MonoManager ReloadAssembly
Native extension for WindowsStandalone target not found
Native extension for WebGL target not found
Refreshing native plugins compatible for Editor in 0.50 ms, found 1 plugins.
Preloading 0 native plugins for Editor in 0.00 ms.
Mono: successfully reloaded assembly
- Completed reload, in  0.931 seconds
Platform modules already initialized, skipping
Refreshing native plugins compatible for Editor in 0.49 ms, found 1 plugins.
Preloading 0 native plugins for Editor in 0.00 ms.
Unloading 2674 Unused Serialized files (Serialized files now loaded: 0)
System memory in use before: 131.6 MB.
System memory in use after: 131.8 MB.

Unloading 10 unused Assets to reduce memory usage. Loaded Objects now: 3305.
Total: 2.004300 ms (FindLiveObjects: 0.263500 ms CreateObjectMapping: 0.065800 ms MarkObjects: 1.612800 ms  DeleteObjects: 0.061100 ms)

========================================================================
Received Prepare
Registering precompiled user dll's ...
Registered in 0.002514 seconds.
Begin MonoManager ReloadAssembly
Native extension for WindowsStandalone target not found
Native extension for WebGL target not found
Refreshing native plugins compatible for Editor in 0.62 ms, found 1 plugins.
Preloading 0 native plugins for Editor in 0.00 ms.
Mono: successfully reloaded assembly
- Completed reload, in  0.947 seconds
Platform modules already initialized, skipping
Refreshing native plugins compatible for Editor in 0.48 ms, found 1 plugins.
Preloading 0 native plugins for Editor in 0.00 ms.
Unloading 2674 Unused Serialized files (Serialized files now loaded: 0)
System memory in use before: 131.6 MB.
System memory in use after: 131.8 MB.

Unloading 10 unused Assets to reduce memory usage. Loaded Objects now: 3308.
Total: 2.844400 ms (FindLiveObjects: 0.316100 ms CreateObjectMapping: 0.084500 ms MarkObjects: 2.368500 ms  DeleteObjects: 0.074200 ms)

========================================================================
Received Prepare
Registering precompiled user dll's ...
Registered in 0.002195 seconds.
Begin MonoManager ReloadAssembly
Native extension for WindowsStandalone target not found
Native extension for WebGL target not found
Refreshing native plugins compatible for Editor in 0.48 ms, found 1 plugins.
Preloading 0 native plugins for Editor in 0.00 ms.
Mono: successfully reloaded assembly
- Completed reload, in  0.890 seconds
Platform modules already initialized, skipping
Refreshing native plugins compatible for Editor in 0.47 ms, found 1 plugins.
Preloading 0 native plugins for Editor in 0.00 ms.
Unloading 2674 Unused Serialized files (Serialized files now loaded: 0)
System memory in use before: 131.6 MB.
System memory in use after: 131.8 MB.

Unloading 10 unused Assets to reduce memory usage. Loaded Objects now: 3311.
Total: 2.057800 ms (FindLiveObjects: 0.237400 ms CreateObjectMapping: 0.063800 ms MarkObjects: 1.690800 ms  DeleteObjects: 0.064600 ms)

========================================================================
Received Prepare
Registering precompiled user dll's ...
Registered in 0.002257 seconds.
Begin MonoManager ReloadAssembly
Native extension for WindowsStandalone target not found
Native extension for WebGL target not found
Refreshing native plugins compatible for Editor in 0.48 ms, found 1 plugins.
Preloading 0 native plugins for Editor in 0.00 ms.
Mono: successfully reloaded assembly
- Completed reload, in  0.929 seconds
Platform modules already initialized, skipping
Refreshing native plugins compatible for Editor in 0.60 ms, found 1 plugins.
Preloading 0 native plugins for Editor in 0.00 ms.
Unloading 2674 Unused Serialized files (Serialized files now loaded: 0)
System memory in use before: 131.7 MB.
System memory in use after: 131.9 MB.

Unloading 10 unused Assets to reduce memory usage. Loaded Objects now: 3314.
Total: 2.605700 ms (FindLiveObjects: 0.252900 ms CreateObjectMapping: 0.067000 ms MarkObjects: 2.211800 ms  DeleteObjects: 0.072900 ms)

========================================================================
Received Prepare
Registering precompiled user dll's ...
Registered in 0.002205 seconds.
Begin MonoManager ReloadAssembly
Native extension for WindowsStandalone target not found
Native extension for WebGL target not found
Refreshing native plugins compatible for Editor in 0.46 ms, found 1 plugins.
Preloading 0 native plugins for Editor in 0.00 ms.
Mono: successfully reloaded assembly
- Completed reload, in  0.871 seconds
Platform modules already initialized, skipping
Refreshing native plugins compatible for Editor in 0.47 ms, found 1 plugins.
Preloading 0 native plugins for Editor in 0.00 ms.
Unloading 2674 Unused Serialized files (Serialized files now loaded: 0)
System memory in use before: 131.7 MB.
System memory in use after: 131.9 MB.

Unloading 10 unused Assets to reduce memory usage. Loaded Objects now: 3317.
Total: 1.926900 ms (FindLiveObjects: 0.229500 ms CreateObjectMapping: 0.064900 ms MarkObjects: 1.575800 ms  DeleteObjects: 0.056100 ms)

========================================================================
Received Import Request.
  Time since last request: 2789.847670 seconds.
  path: Assets/Prefabs/james Variant.prefab
  artifactKey: Guid(3748bc02d53c1ae4cb391671b2e186b8) Importer(815301076,1909f56bfc062723c751e8b465ee728b)
Start importing Assets/Prefabs/james Variant.prefab using Guid(3748bc02d53c1ae4cb391671b2e186b8) Importer(815301076,1909f56bfc062723c751e8b465ee728b)  -> (artifact id: 'a97e2eeb771a8c2cf7719e07fce35601') in 0.080251 seconds 
========================================================================
Received Prepare
Registering precompiled user dll's ...
Registered in 0.002484 seconds.
Begin MonoManager ReloadAssembly
Native extension for WindowsStandalone target not found
Native extension for WebGL target not found
Refreshing native plugins compatible for Editor in 0.47 ms, found 1 plugins.
Preloading 0 native plugins for Editor in 0.00 ms.
Mono: successfully reloaded assembly
- Completed reload, in  0.899 seconds
Platform modules already initialized, skipping
Refreshing native plugins compatible for Editor in 0.50 ms, found 1 plugins.
Preloading 0 native plugins for Editor in 0.00 ms.
Unloading 2674 Unused Serialized files (Serialized files now loaded: 0)
System memory in use before: 131.7 MB.
System memory in use after: 131.9 MB.

Unloading 10 unused Assets to reduce memory usage. Loaded Objects now: 3321.
Total: 2.074000 ms (FindLiveObjects: 0.243200 ms CreateObjectMapping: 0.075300 ms MarkObjects: 1.691100 ms  DeleteObjects: 0.063600 ms)

========================================================================
Received Prepare
Registering precompiled user dll's ...
Registered in 0.002235 seconds.
Begin MonoManager ReloadAssembly
Native extension for WindowsStandalone target not found
Native extension for WebGL target not found
Refreshing native plugins compatible for Editor in 0.49 ms, found 1 plugins.
Preloading 0 native plugins for Editor in 0.00 ms.
Mono: successfully reloaded assembly
- Completed reload, in  1.006 seconds
Platform modules already initialized, skipping
Refreshing native plugins compatible for Editor in 1.01 ms, found 1 plugins.
Preloading 0 native plugins for Editor in 0.00 ms.
Unloading 2674 Unused Serialized files (Serialized files now loaded: 0)
System memory in use before: 131.7 MB.
System memory in use after: 131.9 MB.

Unloading 10 unused Assets to reduce memory usage. Loaded Objects now: 3324.
Total: 2.880700 ms (FindLiveObjects: 0.451300 ms CreateObjectMapping: 0.111900 ms MarkObjects: 2.249600 ms  DeleteObjects: 0.066100 ms)

========================================================================
Received Prepare
Registering precompiled user dll's ...
Registered in 0.010015 seconds.
Begin MonoManager ReloadAssembly
Native extension for WindowsStandalone target not found
Native extension for WebGL target not found
Refreshing native plugins compatible for Editor in 1.01 ms, found 1 plugins.
Preloading 0 native plugins for Editor in 0.00 ms.
Mono: successfully reloaded assembly
- Completed reload, in  1.953 seconds
Platform modules already initialized, skipping
Refreshing native plugins compatible for Editor in 0.82 ms, found 1 plugins.
Preloading 0 native plugins for Editor in 0.00 ms.
Unloading 2674 Unused Serialized files (Serialized files now loaded: 0)
System memory in use before: 131.7 MB.
System memory in use after: 131.9 MB.

Unloading 10 unused Assets to reduce memory usage. Loaded Objects now: 3327.
Total: 2.564200 ms (FindLiveObjects: 0.372000 ms CreateObjectMapping: 0.090500 ms MarkObjects: 2.030300 ms  DeleteObjects: 0.070100 ms)

========================================================================
Received Prepare
Registering precompiled user dll's ...
Registered in 0.003157 seconds.
Begin MonoManager ReloadAssembly
Native extension for WindowsStandalone target not found
Native extension for WebGL target not found
Refreshing native plugins compatible for Editor in 0.65 ms, found 1 plugins.
Preloading 0 native plugins for Editor in 0.00 ms.
Mono: successfully reloaded assembly
- Completed reload, in  1.080 seconds
Platform modules already initialized, skipping
Refreshing native plugins compatible for Editor in 0.96 ms, found 1 plugins.
Preloading 0 native plugins for Editor in 0.00 ms.
Unloading 2674 Unused Serialized files (Serialized files now loaded: 0)
System memory in use before: 131.7 MB.
System memory in use after: 131.9 MB.

Unloading 10 unused Assets to reduce memory usage. Loaded Objects now: 3330.
Total: 4.634100 ms (FindLiveObjects: 0.696000 ms CreateObjectMapping: 0.254800 ms MarkObjects: 3.580100 ms  DeleteObjects: 0.101300 ms)

========================================================================
Received Prepare
Registering precompiled user dll's ...
Registered in 0.002299 seconds.
Begin MonoManager ReloadAssembly
Native extension for WindowsStandalone target not found
Native extension for WebGL target not found
Refreshing native plugins compatible for Editor in 0.55 ms, found 1 plugins.
Preloading 0 native plugins for Editor in 0.00 ms.
Mono: successfully reloaded assembly
- Completed reload, in  0.961 seconds
Platform modules already initialized, skipping
Refreshing native plugins compatible for Editor in 0.47 ms, found 1 plugins.
Preloading 0 native plugins for Editor in 0.00 ms.
Unloading 2674 Unused Serialized files (Serialized files now loaded: 0)
System memory in use before: 131.8 MB.
System memory in use after: 131.9 MB.

Unloading 10 unused Assets to reduce memory usage. Loaded Objects now: 3333.
Total: 2.307300 ms (FindLiveObjects: 0.343900 ms CreateObjectMapping: 0.091800 ms MarkObjects: 1.803200 ms  DeleteObjects: 0.067600 ms)

========================================================================
Received Prepare
Registering precompiled user dll's ...
Registered in 0.002561 seconds.
Begin MonoManager ReloadAssembly
Native extension for WindowsStandalone target not found
Native extension for WebGL target not found
Refreshing native plugins compatible for Editor in 0.84 ms, found 1 plugins.
Preloading 0 native plugins for Editor in 0.00 ms.
Mono: successfully reloaded assembly
- Completed reload, in  1.129 seconds
Platform modules already initialized, skipping
Refreshing native plugins compatible for Editor in 0.99 ms, found 1 plugins.
Preloading 0 native plugins for Editor in 0.00 ms.
Unloading 2674 Unused Serialized files (Serialized files now loaded: 0)
System memory in use before: 131.8 MB.
System memory in use after: 132.0 MB.

Unloading 10 unused Assets to reduce memory usage. Loaded Objects now: 3336.
Total: 2.899800 ms (FindLiveObjects: 0.325400 ms CreateObjectMapping: 0.097300 ms MarkObjects: 2.396300 ms  DeleteObjects: 0.079300 ms)

========================================================================
Received Prepare
Registering precompiled user dll's ...
Registered in 0.003288 seconds.
Begin MonoManager ReloadAssembly
Native extension for WindowsStandalone target not found
Native extension for WebGL target not found
Refreshing native plugins compatible for Editor in 0.73 ms, found 1 plugins.
Preloading 0 native plugins for Editor in 0.00 ms.
Mono: successfully reloaded assembly
- Completed reload, in  1.071 seconds
Platform modules already initialized, skipping
Refreshing native plugins compatible for Editor in 0.76 ms, found 1 plugins.
Preloading 0 native plugins for Editor in 0.00 ms.
Unloading 2674 Unused Serialized files (Serialized files now loaded: 0)
System memory in use before: 131.8 MB.
System memory in use after: 132.0 MB.

Unloading 10 unused Assets to reduce memory usage. Loaded Objects now: 3339.
Total: 3.392500 ms (FindLiveObjects: 0.345600 ms CreateObjectMapping: 0.108200 ms MarkObjects: 2.836700 ms  DeleteObjects: 0.100600 ms)

========================================================================
Received Prepare
Registering precompiled user dll's ...
Registered in 0.002859 seconds.
Begin MonoManager ReloadAssembly
Native extension for WindowsStandalone target not found
Native extension for WebGL target not found
Refreshing native plugins compatible for Editor in 0.49 ms, found 1 plugins.
Preloading 0 native plugins for Editor in 0.00 ms.
Mono: successfully reloaded assembly
- Completed reload, in  1.016 seconds
Platform modules already initialized, skipping
Refreshing native plugins compatible for Editor in 0.69 ms, found 1 plugins.
Preloading 0 native plugins for Editor in 0.00 ms.
Unloading 2674 Unused Serialized files (Serialized files now loaded: 0)
System memory in use before: 131.8 MB.
System memory in use after: 132.0 MB.

Unloading 10 unused Assets to reduce memory usage. Loaded Objects now: 3342.
Total: 2.244400 ms (FindLiveObjects: 0.241100 ms CreateObjectMapping: 0.066600 ms MarkObjects: 1.869300 ms  DeleteObjects: 0.066000 ms)

========================================================================
Received Prepare
Registering precompiled user dll's ...
Registered in 0.002446 seconds.
Begin MonoManager ReloadAssembly
Native extension for WindowsStandalone target not found
Native extension for WebGL target not found
Refreshing native plugins compatible for Editor in 0.63 ms, found 1 plugins.
Preloading 0 native plugins for Editor in 0.00 ms.
Mono: successfully reloaded assembly
- Completed reload, in  1.043 seconds
Platform modules already initialized, skipping
Refreshing native plugins compatible for Editor in 0.48 ms, found 1 plugins.
Preloading 0 native plugins for Editor in 0.00 ms.
Unloading 2674 Unused Serialized files (Serialized files now loaded: 0)
System memory in use before: 131.8 MB.
System memory in use after: 132.0 MB.

Unloading 10 unused Assets to reduce memory usage. Loaded Objects now: 3345.
Total: 2.539500 ms (FindLiveObjects: 0.389200 ms CreateObjectMapping: 0.130100 ms MarkObjects: 1.948600 ms  DeleteObjects: 0.070200 ms)

AssetImportWorkerClient::OnTransportError - code=2 error=End of file
